2021-09-17T08:24:32.754182Z 0 [Warning] TIMESTAMP with implicit DEFAULT value is deprecated. Please use --explicit_defaults_for_timestamp server option (see documentation for more details).
2021-09-17T08:24:32.770647Z 0 [Warning] Setting lower_case_table_names=2 because file system for /var/lib/mysql/ is case insensitive
2021-09-17T08:24:34.276032Z 0 [Warning] InnoDB: New log files created, LSN=45790
2021-09-17T08:24:34.604622Z 0 [Warning] InnoDB: Creating foreign key constraint system tables.
2021-09-17T08:24:34.680448Z 0 [Warning] No existing UUID has been found, so we assume that this is the first time that this server has been started. Generating a new UUID: b0931fb1-1790-11ec-bedf-0242ac170002.
2021-09-17T08:24:34.687207Z 0 [Warning] Gtid table is not ready to be used. Table 'mysql.gtid_executed' cannot be opened.
2021-09-17T08:24:35.645620Z 0 [Warning] CA certificate ca.pem is self signed.
2021-09-17T08:24:36.051273Z 1 [Warning] root@localhost is created with an empty password ! Please consider switching off the --initialize-insecure option.
2021-09-17T08:24:44.892250Z 0 [Warning] TIMESTAMP with implicit DEFAULT value is deprecated. Please use --explicit_defaults_for_timestamp server option (see documentation for more details).
2021-09-17T08:24:44.898875Z 0 [Note] mysqld (mysqld 5.7.33) starting as process 81 ...
2021-09-17T08:24:44.904395Z 0 [Warning] Setting lower_case_table_names=2 because file system for /var/lib/mysql/ is case insensitive
2021-09-17T08:24:44.908038Z 0 [Note] InnoDB: PUNCH HOLE support available
2021-09-17T08:24:44.908548Z 0 [Note] InnoDB: Mutexes and rw_locks use GCC atomic builtins
2021-09-17T08:24:44.909100Z 0 [Note] InnoDB: Uses event mutexes
2021-09-17T08:24:44.909443Z 0 [Note] InnoDB: GCC builtin __atomic_thread_fence() is used for memory barrier
2021-09-17T08:24:44.909849Z 0 [Note] InnoDB: Compressed tables use zlib 1.2.11
2021-09-17T08:24:44.910420Z 0 [Note] InnoDB: Using Linux native AIO
2021-09-17T08:24:44.911181Z 0 [Note] InnoDB: Number of pools: 1
2021-09-17T08:24:44.911778Z 0 [Note] InnoDB: Using CPU crc32 instructions
2021-09-17T08:24:44.913649Z 0 [Note] InnoDB: Initializing buffer pool, total size = 128M, instances = 1, chunk size = 128M
2021-09-17T08:24:44.920395Z 0 [Note] InnoDB: Completed initialization of buffer pool
2021-09-17T08:24:44.922841Z 0 [Note] InnoDB: If the mysqld execution user is authorized, page cleaner thread priority can be changed. See the man page of setpriority().
2021-09-17T08:24:44.967827Z 0 [Note] InnoDB: Highest supported file format is Barracuda.
2021-09-17T08:24:45.052895Z 0 [Note] InnoDB: Creating shared tablespace for temporary tables
2021-09-17T08:24:45.056261Z 0 [Note] InnoDB: Setting file './ibtmp1' size to 12 MB. Physically writing the file full; Please wait ...
2021-09-17T08:24:45.127258Z 0 [Note] InnoDB: File './ibtmp1' size is now 12 MB.
2021-09-17T08:24:45.135569Z 0 [Note] InnoDB: 96 redo rollback segment(s) found. 96 redo rollback segment(s) are active.
2021-09-17T08:24:45.136421Z 0 [Note] InnoDB: 32 non-redo rollback segment(s) are active.
2021-09-17T08:24:45.137504Z 0 [Note] InnoDB: Waiting for purge to start
2021-09-17T08:24:45.190167Z 0 [Note] InnoDB: 5.7.33 started; log sequence number 2747895
2021-09-17T08:24:45.192688Z 0 [Note] InnoDB: Loading buffer pool(s) from /var/lib/mysql/ib_buffer_pool
2021-09-17T08:24:45.192990Z 0 [Note] Plugin 'FEDERATED' is disabled.
2021-09-17T08:24:45.289754Z 0 [Note] Found ca.pem, server-cert.pem and server-key.pem in data directory. Trying to enable SSL support using them.
2021-09-17T08:24:45.292054Z 0 [Note] Skipping generation of SSL certificates as certificate files are present in data directory.
2021-09-17T08:24:45.301416Z 0 [Note] InnoDB: Buffer pool(s) load completed at 210917 17:24:45
2021-09-17T08:24:45.301977Z 0 [Warning] CA certificate ca.pem is self signed.
2021-09-17T08:24:45.303119Z 0 [Note] Skipping generation of RSA key pair as key files are present in data directory.
2021-09-17T08:24:45.308455Z 0 [Warning] Insecure configuration for --pid-file: Location '/var/run/mysqld' in the path is accessible to all OS users. Consider choosing a different directory.
2021-09-17T08:24:45.564901Z 0 [Note] Event Scheduler: Loaded 0 events
2021-09-17T08:24:45.565786Z 0 [Note] mysqld: ready for connections.
Version: '5.7.33'  socket: '/var/run/mysqld/mysqld.sock'  port: 0  MySQL Community Server (GPL)
2021-09-17T08:24:49.273508Z 0 [Note] Giving 0 client threads a chance to die gracefully
2021-09-17T08:24:49.274580Z 0 [Note] Shutting down slave threads
2021-09-17T08:24:49.275391Z 0 [Note] Forcefully disconnecting 0 remaining clients
2021-09-17T08:24:49.276411Z 0 [Note] Event Scheduler: Purging the queue. 0 events
2021-09-17T08:24:49.278168Z 0 [Note] Binlog end
2021-09-17T08:24:49.280718Z 0 [Note] Shutting down plugin 'ngram'
2021-09-17T08:24:49.281628Z 0 [Note] Shutting down plugin 'partition'
2021-09-17T08:24:49.282512Z 0 [Note] Shutting down plugin 'BLACKHOLE'
2021-09-17T08:24:49.284114Z 0 [Note] Shutting down plugin 'ARCHIVE'
2021-09-17T08:24:49.284677Z 0 [Note] Shutting down plugin 'PERFORMANCE_SCHEMA'
2021-09-17T08:24:49.285325Z 0 [Note] Shutting down plugin 'MRG_MYISAM'
2021-09-17T08:24:49.285833Z 0 [Note] Shutting down plugin 'MyISAM'
2021-09-17T08:24:49.286375Z 0 [Note] Shutting down plugin 'INNODB_SYS_VIRTUAL'
2021-09-17T08:24:49.287070Z 0 [Note] Shutting down plugin 'INNODB_SYS_DATAFILES'
2021-09-17T08:24:49.287681Z 0 [Note] Shutting down plugin 'INNODB_SYS_TABLESPACES'
2021-09-17T08:24:49.288256Z 0 [Note] Shutting down plugin 'INNODB_SYS_FOREIGN_COLS'
2021-09-17T08:24:49.288812Z 0 [Note] Shutting down plugin 'INNODB_SYS_FOREIGN'
2021-09-17T08:24:49.289266Z 0 [Note] Shutting down plugin 'INNODB_SYS_FIELDS'
2021-09-17T08:24:49.290012Z 0 [Note] Shutting down plugin 'INNODB_SYS_COLUMNS'
2021-09-17T08:24:49.290829Z 0 [Note] Shutting down plugin 'INNODB_SYS_INDEXES'
2021-09-17T08:24:49.291870Z 0 [Note] Shutting down plugin 'INNODB_SYS_TABLESTATS'
2021-09-17T08:24:49.292913Z 0 [Note] Shutting down plugin 'INNODB_SYS_TABLES'
2021-09-17T08:24:49.293590Z 0 [Note] Shutting down plugin 'INNODB_FT_INDEX_TABLE'
2021-09-17T08:24:49.293949Z 0 [Note] Shutting down plugin 'INNODB_FT_INDEX_CACHE'
2021-09-17T08:24:49.294572Z 0 [Note] Shutting down plugin 'INNODB_FT_CONFIG'
2021-09-17T08:24:49.295273Z 0 [Note] Shutting down plugin 'INNODB_FT_BEING_DELETED'
2021-09-17T08:24:49.295630Z 0 [Note] Shutting down plugin 'INNODB_FT_DELETED'
2021-09-17T08:24:49.296373Z 0 [Note] Shutting down plugin 'INNODB_FT_DEFAULT_STOPWORD'
2021-09-17T08:24:49.297071Z 0 [Note] Shutting down plugin 'INNODB_METRICS'
2021-09-17T08:24:49.297482Z 0 [Note] Shutting down plugin 'INNODB_TEMP_TABLE_INFO'
2021-09-17T08:24:49.298132Z 0 [Note] Shutting down plugin 'INNODB_BUFFER_POOL_STATS'
2021-09-17T08:24:49.299516Z 0 [Note] Shutting down plugin 'INNODB_BUFFER_PAGE_LRU'
2021-09-17T08:24:49.300705Z 0 [Note] Shutting down plugin 'INNODB_BUFFER_PAGE'
2021-09-17T08:24:49.301246Z 0 [Note] Shutting down plugin 'INNODB_CMP_PER_INDEX_RESET'
2021-09-17T08:24:49.301876Z 0 [Note] Shutting down plugin 'INNODB_CMP_PER_INDEX'
2021-09-17T08:24:49.302582Z 0 [Note] Shutting down plugin 'INNODB_CMPMEM_RESET'
2021-09-17T08:24:49.303148Z 0 [Note] Shutting down plugin 'INNODB_CMPMEM'
2021-09-17T08:24:49.303873Z 0 [Note] Shutting down plugin 'INNODB_CMP_RESET'
2021-09-17T08:24:49.304474Z 0 [Note] Shutting down plugin 'INNODB_CMP'
2021-09-17T08:24:49.304919Z 0 [Note] Shutting down plugin 'INNODB_LOCK_WAITS'
2021-09-17T08:24:49.305469Z 0 [Note] Shutting down plugin 'INNODB_LOCKS'
2021-09-17T08:24:49.306135Z 0 [Note] Shutting down plugin 'INNODB_TRX'
2021-09-17T08:24:49.306962Z 0 [Note] Shutting down plugin 'InnoDB'
2021-09-17T08:24:49.308518Z 0 [Note] InnoDB: FTS optimize thread exiting.
2021-09-17T08:24:49.309546Z 0 [Note] InnoDB: Starting shutdown...
2021-09-17T08:24:49.413551Z 0 [Note] InnoDB: Dumping buffer pool(s) to /var/lib/mysql/ib_buffer_pool
2021-09-17T08:24:49.429281Z 0 [Note] InnoDB: Buffer pool(s) dump completed at 210917 17:24:49
2021-09-17T08:24:50.890445Z 0 [Note] InnoDB: Shutdown completed; log sequence number 12664905
2021-09-17T08:24:50.894599Z 0 [Note] InnoDB: Removed temporary tablespace data file: "ibtmp1"
2021-09-17T08:24:50.896443Z 0 [Note] Shutting down plugin 'MEMORY'
2021-09-17T08:24:50.897328Z 0 [Note] Shutting down plugin 'CSV'
2021-09-17T08:24:50.898042Z 0 [Note] Shutting down plugin 'sha256_password'
2021-09-17T08:24:50.899012Z 0 [Note] Shutting down plugin 'mysql_native_password'
2021-09-17T08:24:50.900199Z 0 [Note] Shutting down plugin 'binlog'
2021-09-17T08:24:50.905455Z 0 [Note] mysqld: Shutdown complete

2021-09-17T08:24:52.121075Z 0 [Warning] TIMESTAMP with implicit DEFAULT value is deprecated. Please use --explicit_defaults_for_timestamp server option (see documentation for more details).
2021-09-17T08:24:52.147028Z 0 [Note] mysqld (mysqld 5.7.33) starting as process 1 ...
2021-09-17T08:24:52.159297Z 0 [Warning] Setting lower_case_table_names=2 because file system for /var/lib/mysql/ is case insensitive
2021-09-17T08:24:52.169535Z 0 [Note] InnoDB: PUNCH HOLE support available
2021-09-17T08:24:52.170892Z 0 [Note] InnoDB: Mutexes and rw_locks use GCC atomic builtins
2021-09-17T08:24:52.172014Z 0 [Note] InnoDB: Uses event mutexes
2021-09-17T08:24:52.172730Z 0 [Note] InnoDB: GCC builtin __atomic_thread_fence() is used for memory barrier
2021-09-17T08:24:52.173705Z 0 [Note] InnoDB: Compressed tables use zlib 1.2.11
2021-09-17T08:24:52.174889Z 0 [Note] InnoDB: Using Linux native AIO
2021-09-17T08:24:52.176557Z 0 [Note] InnoDB: Number of pools: 1
2021-09-17T08:24:52.178238Z 0 [Note] InnoDB: Using CPU crc32 instructions
2021-09-17T08:24:52.184544Z 0 [Note] InnoDB: Initializing buffer pool, total size = 128M, instances = 1, chunk size = 128M
2021-09-17T08:24:52.201242Z 0 [Note] InnoDB: Completed initialization of buffer pool
2021-09-17T08:24:52.204762Z 0 [Note] InnoDB: If the mysqld execution user is authorized, page cleaner thread priority can be changed. See the man page of setpriority().
2021-09-17T08:24:52.259059Z 0 [Note] InnoDB: Highest supported file format is Barracuda.
2021-09-17T08:24:52.339693Z 0 [Note] InnoDB: Creating shared tablespace for temporary tables
2021-09-17T08:24:52.342334Z 0 [Note] InnoDB: Setting file './ibtmp1' size to 12 MB. Physically writing the file full; Please wait ...
2021-09-17T08:24:52.415313Z 0 [Note] InnoDB: File './ibtmp1' size is now 12 MB.
2021-09-17T08:24:52.421750Z 0 [Note] InnoDB: 96 redo rollback segment(s) found. 96 redo rollback segment(s) are active.
2021-09-17T08:24:52.422432Z 0 [Note] InnoDB: 32 non-redo rollback segment(s) are active.
2021-09-17T08:24:52.423258Z 0 [Note] InnoDB: Waiting for purge to start
2021-09-17T08:24:52.474461Z 0 [Note] InnoDB: 5.7.33 started; log sequence number 12664905
2021-09-17T08:24:52.478487Z 0 [Note] InnoDB: Loading buffer pool(s) from /var/lib/mysql/ib_buffer_pool
2021-09-17T08:24:52.478660Z 0 [Note] Plugin 'FEDERATED' is disabled.
2021-09-17T08:24:52.545183Z 0 [Note] Found ca.pem, server-cert.pem and server-key.pem in data directory. Trying to enable SSL support using them.
2021-09-17T08:24:52.546644Z 0 [Note] Skipping generation of SSL certificates as certificate files are present in data directory.
2021-09-17T08:24:52.556165Z 0 [Warning] CA certificate ca.pem is self signed.
2021-09-17T08:24:52.556885Z 0 [Note] Skipping generation of RSA key pair as key files are present in data directory.
2021-09-17T08:24:52.561372Z 0 [Note] Server hostname (bind-address): '*'; port: 3306
2021-09-17T08:24:52.563038Z 0 [Note] IPv6 is available.
2021-09-17T08:24:52.566086Z 0 [Note]   - '::' resolves to '::';
2021-09-17T08:24:52.566767Z 0 [Note] Server socket created on IP: '::'.
2021-09-17T08:24:52.580099Z 0 [Warning] Insecure configuration for --pid-file: Location '/var/run/mysqld' in the path is accessible to all OS users. Consider choosing a different directory.
2021-09-17T08:24:52.608060Z 0 [Note] InnoDB: Buffer pool(s) load completed at 210917 17:24:52
2021-09-17T08:24:52.805607Z 0 [Note] Event Scheduler: Loaded 0 events
2021-09-17T08:24:52.806629Z 0 [Note] mysqld: ready for connections.
Version: '5.7.33'  socket: '/var/run/mysqld/mysqld.sock'  port: 3306  MySQL Community Server (GPL)
2021-09-17T11:23:01.843650Z 0 [Note] InnoDB: page_cleaner: 1000ms intended loop took 1932296ms. The settings might not be optimal. (flushed=0 and evicted=0, during the time.)
2021-09-17T12:48:50.314976Z 0 [Note] Giving 0 client threads a chance to die gracefully
2021-09-17T12:48:50.549132Z 0 [Note] Shutting down slave threads
2021-09-17T12:48:50.632502Z 0 [Note] Forcefully disconnecting 0 remaining clients
2021-09-17T12:48:50.641356Z 0 [Note] Event Scheduler: Purging the queue. 0 events
2021-09-17T12:48:50.718226Z 0 [Note] Binlog end
2021-09-17T12:48:50.798874Z 0 [Note] Shutting down plugin 'ngram'
2021-09-18T02:59:11.950160Z 0 [Warning] TIMESTAMP with implicit DEFAULT value is deprecated. Please use --explicit_defaults_for_timestamp server option (see documentation for more details).
2021-09-18T02:59:11.974955Z 0 [Note] mysqld (mysqld 5.7.33) starting as process 1 ...
2021-09-18T02:59:12.026361Z 0 [Warning] Setting lower_case_table_names=2 because file system for /var/lib/mysql/ is case insensitive
2021-09-18T02:59:12.052120Z 0 [Note] InnoDB: PUNCH HOLE support available
2021-09-18T02:59:12.055192Z 0 [Note] InnoDB: Mutexes and rw_locks use GCC atomic builtins
2021-09-18T02:59:12.057664Z 0 [Note] InnoDB: Uses event mutexes
2021-09-18T02:59:12.059689Z 0 [Note] InnoDB: GCC builtin __atomic_thread_fence() is used for memory barrier
2021-09-18T02:59:12.061363Z 0 [Note] InnoDB: Compressed tables use zlib 1.2.11
2021-09-18T02:59:12.062537Z 0 [Note] InnoDB: Using Linux native AIO
2021-09-18T02:59:12.068147Z 0 [Note] InnoDB: Number of pools: 1
2021-09-18T02:59:12.072452Z 0 [Note] InnoDB: Using CPU crc32 instructions
2021-09-18T02:59:12.077080Z 0 [Note] InnoDB: Initializing buffer pool, total size = 128M, instances = 1, chunk size = 128M
2021-09-18T02:59:12.094142Z 0 [Note] InnoDB: Completed initialization of buffer pool
2021-09-18T02:59:12.101362Z 0 [Note] InnoDB: If the mysqld execution user is authorized, page cleaner thread priority can be changed. See the man page of setpriority().
2021-09-18T02:59:12.172137Z 0 [Note] InnoDB: Highest supported file format is Barracuda.
2021-09-18T02:59:12.180129Z 0 [Note] InnoDB: Log scan progressed past the checkpoint lsn 12664924
2021-09-18T02:59:12.180760Z 0 [Note] InnoDB: Doing recovery: scanned up to log sequence number 12664933
2021-09-18T02:59:12.181572Z 0 [Note] InnoDB: Database was not shutdown normally!
2021-09-18T02:59:12.183131Z 0 [Note] InnoDB: Starting crash recovery.
2021-09-18T02:59:12.482243Z 0 [Note] InnoDB: Removed temporary tablespace data file: "ibtmp1"
2021-09-18T02:59:12.482870Z 0 [Note] InnoDB: Creating shared tablespace for temporary tables
2021-09-18T02:59:12.486245Z 0 [Note] InnoDB: Setting file './ibtmp1' size to 12 MB. Physically writing the file full; Please wait ...
2021-09-18T02:59:12.558279Z 0 [Note] InnoDB: File './ibtmp1' size is now 12 MB.
2021-09-18T02:59:12.568722Z 0 [Note] InnoDB: 96 redo rollback segment(s) found. 96 redo rollback segment(s) are active.
2021-09-18T02:59:12.569158Z 0 [Note] InnoDB: 32 non-redo rollback segment(s) are active.
2021-09-18T02:59:12.569918Z 0 [Note] InnoDB: Waiting for purge to start
2021-09-18T02:59:12.622009Z 0 [Note] InnoDB: 5.7.33 started; log sequence number 12664933
2021-09-18T02:59:12.626405Z 0 [Note] InnoDB: Loading buffer pool(s) from /var/lib/mysql/ib_buffer_pool
2021-09-18T02:59:12.628208Z 0 [Note] Plugin 'FEDERATED' is disabled.
2021-09-18T02:59:12.716837Z 0 [Note] Found ca.pem, server-cert.pem and server-key.pem in data directory. Trying to enable SSL support using them.
2021-09-18T02:59:12.719473Z 0 [Note] Skipping generation of SSL certificates as certificate files are present in data directory.
2021-09-18T02:59:12.738103Z 0 [Warning] CA certificate ca.pem is self signed.
2021-09-18T02:59:12.738760Z 0 [Note] InnoDB: Buffer pool(s) load completed at 210918 11:59:12
2021-09-18T02:59:12.739754Z 0 [Note] Skipping generation of RSA key pair as key files are present in data directory.
2021-09-18T02:59:12.746690Z 0 [Note] Server hostname (bind-address): '*'; port: 3306
2021-09-18T02:59:12.747497Z 0 [Note] IPv6 is available.
2021-09-18T02:59:12.748123Z 0 [Note]   - '::' resolves to '::';
2021-09-18T02:59:12.749142Z 0 [Note] Server socket created on IP: '::'.
2021-09-18T02:59:12.751800Z 0 [Warning] Insecure configuration for --pid-file: Location '/var/run/mysqld' in the path is accessible to all OS users. Consider choosing a different directory.
2021-09-18T02:59:13.050494Z 0 [Note] Event Scheduler: Loaded 0 events
2021-09-18T02:59:13.051718Z 0 [Note] mysqld: ready for connections.
Version: '5.7.33'  socket: '/var/run/mysqld/mysqld.sock'  port: 3306  MySQL Community Server (GPL)
2021-09-18T03:29:17.044734Z 0 [Note] InnoDB: page_cleaner: 1000ms intended loop took 1420563ms. The settings might not be optimal. (flushed=0 and evicted=0, during the time.)
